mode: set
github.com/s-gurman/user-segmentation/config/config.go:29.45,31.62 2 0
github.com/s-gurman/user-segmentation/config/config.go:31.62,33.3 1 0
github.com/s-gurman/user-segmentation/config/config.go:34.2,34.50 1 0
github.com/s-gurman/user-segmentation/config/config.go:34.50,36.3 1 0
github.com/s-gurman/user-segmentation/config/config.go:37.2,37.17 1 0
github.com/s-gurman/user-segmentation/internal/domain/segment.go:14.41,15.16 1 0
github.com/s-gurman/user-segmentation/internal/domain/segment.go:15.16,17.3 1 0
github.com/s-gurman/user-segmentation/internal/domain/segment.go:18.2,18.24 1 0
github.com/s-gurman/user-segmentation/internal/domain/segment.go:21.34,23.2 1 0
github.com/s-gurman/user-segmentation/internal/e/error.go:15.37,17.2 1 0
github.com/s-gurman/user-segmentation/internal/e/error.go:19.39,21.2 1 0
github.com/s-gurman/user-segmentation/internal/e/error.go:23.33,25.2 1 0
github.com/s-gurman/user-segmentation/internal/e/error.go:27.50,33.2 1 0
github.com/s-gurman/user-segmentation/internal/e/error.go:35.48,41.2 1 0
github.com/s-gurman/user-segmentation/internal/repository/segmentation/postgresql/experiment.go:21.67,23.2 1 0
github.com/s-gurman/user-segmentation/internal/repository/segmentation/postgresql/experiment.go:25.88,29.16 3 0
github.com/s-gurman/user-segmentation/internal/repository/segmentation/postgresql/experiment.go:29.16,31.3 1 0
github.com/s-gurman/user-segmentation/internal/repository/segmentation/postgresql/experiment.go:33.2,34.55 2 0
github.com/s-gurman/user-segmentation/internal/repository/segmentation/postgresql/experiment.go:34.55,36.3 1 0
github.com/s-gurman/user-segmentation/internal/repository/segmentation/postgresql/experiment.go:37.2,37.31 1 0
github.com/s-gurman/user-segmentation/internal/repository/segmentation/postgresql/experiment.go:37.31,40.3 2 0
github.com/s-gurman/user-segmentation/internal/repository/segmentation/postgresql/experiment.go:42.2,42.20 1 0
github.com/s-gurman/user-segmentation/internal/repository/segmentation/postgresql/experiment.go:50.9,60.16 3 0
github.com/s-gurman/user-segmentation/internal/repository/segmentation/postgresql/experiment.go:60.16,62.3 1 0
github.com/s-gurman/user-segmentation/internal/repository/segmentation/postgresql/experiment.go:63.2,63.46 1 0
github.com/s-gurman/user-segmentation/internal/repository/segmentation/postgresql/experiment.go:63.46,66.3 2 0
github.com/s-gurman/user-segmentation/internal/repository/segmentation/postgresql/experiment.go:68.2,68.12 1 0
github.com/s-gurman/user-segmentation/internal/repository/segmentation/postgresql/experiment.go:77.9,88.20 3 0
github.com/s-gurman/user-segmentation/internal/repository/segmentation/postgresql/experiment.go:88.20,91.3 2 0
github.com/s-gurman/user-segmentation/internal/repository/segmentation/postgresql/experiment.go:93.2,94.16 2 0
github.com/s-gurman/user-segmentation/internal/repository/segmentation/postgresql/experiment.go:94.16,96.3 1 0
github.com/s-gurman/user-segmentation/internal/repository/segmentation/postgresql/experiment.go:97.2,97.46 1 0
github.com/s-gurman/user-segmentation/internal/repository/segmentation/postgresql/experiment.go:97.46,100.3 2 0
github.com/s-gurman/user-segmentation/internal/repository/segmentation/postgresql/experiment.go:102.2,102.12 1 0
github.com/s-gurman/user-segmentation/internal/repository/segmentation/postgresql/experiment.go:110.9,113.16 2 0
github.com/s-gurman/user-segmentation/internal/repository/segmentation/postgresql/experiment.go:113.16,115.3 1 0
github.com/s-gurman/user-segmentation/internal/repository/segmentation/postgresql/experiment.go:116.2,119.16 3 0
github.com/s-gurman/user-segmentation/internal/repository/segmentation/postgresql/experiment.go:119.16,121.3 1 0
github.com/s-gurman/user-segmentation/internal/repository/segmentation/postgresql/experiment.go:122.2,123.16 2 0
github.com/s-gurman/user-segmentation/internal/repository/segmentation/postgresql/experiment.go:123.16,125.3 1 0
github.com/s-gurman/user-segmentation/internal/repository/segmentation/postgresql/experiment.go:127.2,127.23 1 0
github.com/s-gurman/user-segmentation/internal/repository/segmentation/postgresql/experiment.go:127.23,128.74 1 0
github.com/s-gurman/user-segmentation/internal/repository/segmentation/postgresql/experiment.go:128.74,130.4 1 0
github.com/s-gurman/user-segmentation/internal/repository/segmentation/postgresql/experiment.go:132.2,132.23 1 0
github.com/s-gurman/user-segmentation/internal/repository/segmentation/postgresql/experiment.go:132.23,133.76 1 0
github.com/s-gurman/user-segmentation/internal/repository/segmentation/postgresql/experiment.go:133.76,135.4 1 0
github.com/s-gurman/user-segmentation/internal/repository/segmentation/postgresql/experiment.go:138.2,138.38 1 0
github.com/s-gurman/user-segmentation/internal/repository/segmentation/postgresql/experiment.go:138.38,140.3 1 0
github.com/s-gurman/user-segmentation/internal/repository/segmentation/postgresql/experiment.go:142.2,142.12 1 0
github.com/s-gurman/user-segmentation/internal/repository/segmentation/postgresql/experiment.go:148.21,157.16 3 0
github.com/s-gurman/user-segmentation/internal/repository/segmentation/postgresql/experiment.go:157.16,159.3 1 0
github.com/s-gurman/user-segmentation/internal/repository/segmentation/postgresql/experiment.go:161.2,162.54 2 0
github.com/s-gurman/user-segmentation/internal/repository/segmentation/postgresql/experiment.go:162.54,164.3 1 0
github.com/s-gurman/user-segmentation/internal/repository/segmentation/postgresql/experiment.go:166.2,166.19 1 0
github.com/s-gurman/user-segmentation/internal/repository/segmentation/postgresql/repository.go:10.53,15.2 1 0
github.com/s-gurman/user-segmentation/internal/repository/segmentation/postgresql/segment.go:21.61,23.2 1 0
github.com/s-gurman/user-segmentation/internal/repository/segmentation/postgresql/segment.go:25.83,29.64 3 0
github.com/s-gurman/user-segmentation/internal/repository/segmentation/postgresql/segment.go:29.64,31.72 2 0
github.com/s-gurman/user-segmentation/internal/repository/segmentation/postgresql/segment.go:31.72,34.4 2 0
github.com/s-gurman/user-segmentation/internal/repository/segmentation/postgresql/segment.go:35.3,35.71 1 0
github.com/s-gurman/user-segmentation/internal/repository/segmentation/postgresql/segment.go:38.2,38.16 1 0
github.com/s-gurman/user-segmentation/internal/repository/segmentation/postgresql/segment.go:46.18,53.16 3 0
github.com/s-gurman/user-segmentation/internal/repository/segmentation/postgresql/segment.go:53.16,55.3 1 0
github.com/s-gurman/user-segmentation/internal/repository/segmentation/postgresql/segment.go:57.2,57.32 1 0
github.com/s-gurman/user-segmentation/internal/repository/segmentation/postgresql/segment.go:64.23,67.16 2 0
github.com/s-gurman/user-segmentation/internal/repository/segmentation/postgresql/segment.go:67.16,69.3 1 0
github.com/s-gurman/user-segmentation/internal/repository/segmentation/postgresql/segment.go:70.2,73.16 3 0
github.com/s-gurman/user-segmentation/internal/repository/segmentation/postgresql/segment.go:73.16,75.3 1 0
github.com/s-gurman/user-segmentation/internal/repository/segmentation/postgresql/segment.go:77.2,78.24 2 0
github.com/s-gurman/user-segmentation/internal/repository/segmentation/postgresql/segment.go:78.24,80.17 2 0
github.com/s-gurman/user-segmentation/internal/repository/segmentation/postgresql/segment.go:80.17,82.4 1 0
github.com/s-gurman/user-segmentation/internal/repository/segmentation/postgresql/segment.go:85.2,85.38 1 0
github.com/s-gurman/user-segmentation/internal/repository/segmentation/postgresql/segment.go:85.38,87.3 1 0
github.com/s-gurman/user-segmentation/internal/repository/segmentation/postgresql/segment.go:89.2,89.37 1 0
github.com/s-gurman/user-segmentation/internal/repository/segmentation/postgresql/segment.go:95.9,100.16 3 1
github.com/s-gurman/user-segmentation/internal/repository/segmentation/postgresql/segment.go:100.16,102.3 1 0
github.com/s-gurman/user-segmentation/internal/repository/segmentation/postgresql/segment.go:103.2,103.29 1 1
github.com/s-gurman/user-segmentation/internal/repository/segmentation/postgresql/segment.go:103.29,106.3 2 0
github.com/s-gurman/user-segmentation/internal/repository/segmentation/postgresql/segment.go:108.2,108.12 1 1
github.com/s-gurman/user-segmentation/internal/repository/segmentation/postgresql/mocks/pgx_pool.go:28.59,32.2 3 1
github.com/s-gurman/user-segmentation/internal/repository/segmentation/postgresql/mocks/pgx_pool.go:35.57,37.2 1 1
github.com/s-gurman/user-segmentation/internal/repository/segmentation/postgresql/mocks/pgx_pool.go:40.93,46.2 5 0
github.com/s-gurman/user-segmentation/internal/repository/segmentation/postgresql/mocks/pgx_pool.go:49.85,52.2 2 0
github.com/s-gurman/user-segmentation/internal/repository/segmentation/postgresql/mocks/pgx_pool.go:55.101,58.25 3 1
github.com/s-gurman/user-segmentation/internal/repository/segmentation/postgresql/mocks/pgx_pool.go:58.25,60.3 1 1
github.com/s-gurman/user-segmentation/internal/repository/segmentation/postgresql/mocks/pgx_pool.go:61.2,64.19 4 1
github.com/s-gurman/user-segmentation/internal/repository/segmentation/postgresql/mocks/pgx_pool.go:68.97,72.2 3 1
github.com/s-gurman/user-segmentation/internal/repository/segmentation/postgresql/mocks/pgx_pool.go:75.93,78.25 3 0
github.com/s-gurman/user-segmentation/internal/repository/segmentation/postgresql/mocks/pgx_pool.go:78.25,80.3 1 0
github.com/s-gurman/user-segmentation/internal/repository/segmentation/postgresql/mocks/pgx_pool.go:81.2,84.19 4 0
github.com/s-gurman/user-segmentation/internal/repository/segmentation/postgresql/mocks/pgx_pool.go:88.98,92.2 3 0
github.com/s-gurman/user-segmentation/internal/repository/segmentation/postgresql/mocks/pgx_tx.go:28.49,32.2 3 0
github.com/s-gurman/user-segmentation/internal/repository/segmentation/postgresql/mocks/pgx_tx.go:35.47,37.2 1 0
github.com/s-gurman/user-segmentation/internal/repository/segmentation/postgresql/mocks/pgx_tx.go:40.62,46.2 5 0
github.com/s-gurman/user-segmentation/internal/repository/segmentation/postgresql/mocks/pgx_tx.go:49.68,52.2 2 0
github.com/s-gurman/user-segmentation/internal/repository/segmentation/postgresql/mocks/pgx_tx.go:55.53,60.2 4 0
github.com/s-gurman/user-segmentation/internal/repository/segmentation/postgresql/mocks/pgx_tx.go:63.69,66.2 2 0
github.com/s-gurman/user-segmentation/internal/repository/segmentation/postgresql/mocks/pgx_tx.go:69.35,74.2 4 0
github.com/s-gurman/user-segmentation/internal/repository/segmentation/postgresql/mocks/pgx_tx.go:77.51,80.2 2 0
github.com/s-gurman/user-segmentation/internal/repository/segmentation/postgresql/mocks/pgx_tx.go:83.125,89.2 5 0
github.com/s-gurman/user-segmentation/internal/repository/segmentation/postgresql/mocks/pgx_tx.go:92.89,95.2 2 0
github.com/s-gurman/user-segmentation/internal/repository/segmentation/postgresql/mocks/pgx_tx.go:98.106,101.25 3 0
github.com/s-gurman/user-segmentation/internal/repository/segmentation/postgresql/mocks/pgx_tx.go:101.25,103.3 1 0
github.com/s-gurman/user-segmentation/internal/repository/segmentation/postgresql/mocks/pgx_tx.go:104.2,107.19 4 0
github.com/s-gurman/user-segmentation/internal/repository/segmentation/postgresql/mocks/pgx_tx.go:111.94,115.2 3 0
github.com/s-gurman/user-segmentation/internal/repository/segmentation/postgresql/mocks/pgx_tx.go:118.50,123.2 4 0
github.com/s-gurman/user-segmentation/internal/repository/segmentation/postgresql/mocks/pgx_tx.go:126.59,129.2 2 0
github.com/s-gurman/user-segmentation/internal/repository/segmentation/postgresql/mocks/pgx_tx.go:132.105,138.2 5 0
github.com/s-gurman/user-segmentation/internal/repository/segmentation/postgresql/mocks/pgx_tx.go:141.82,144.2 2 0
github.com/s-gurman/user-segmentation/internal/repository/segmentation/postgresql/mocks/pgx_tx.go:147.98,150.25 3 0
github.com/s-gurman/user-segmentation/internal/repository/segmentation/postgresql/mocks/pgx_tx.go:150.25,152.3 1 0
github.com/s-gurman/user-segmentation/internal/repository/segmentation/postgresql/mocks/pgx_tx.go:153.2,156.19 4 0
github.com/s-gurman/user-segmentation/internal/repository/segmentation/postgresql/mocks/pgx_tx.go:160.95,164.2 3 0
github.com/s-gurman/user-segmentation/internal/repository/segmentation/postgresql/mocks/pgx_tx.go:167.91,170.25 3 0
github.com/s-gurman/user-segmentation/internal/repository/segmentation/postgresql/mocks/pgx_tx.go:170.25,172.3 1 0
github.com/s-gurman/user-segmentation/internal/repository/segmentation/postgresql/mocks/pgx_tx.go:173.2,175.13 3 0
github.com/s-gurman/user-segmentation/internal/repository/segmentation/postgresql/mocks/pgx_tx.go:179.98,183.2 3 0
github.com/s-gurman/user-segmentation/internal/repository/segmentation/postgresql/mocks/pgx_tx.go:186.55,191.2 4 0
github.com/s-gurman/user-segmentation/internal/repository/segmentation/postgresql/mocks/pgx_tx.go:194.71,197.2 2 0
github.com/s-gurman/user-segmentation/internal/repository/segmentation/postgresql/mocks/pgx_tx.go:200.84,205.2 4 0
github.com/s-gurman/user-segmentation/internal/repository/segmentation/postgresql/mocks/pgx_tx.go:208.78,211.2 2 0
github.com/s-gurman/user-segmentation/internal/t/time.go:15.61,19.2 3 0
github.com/s-gurman/user-segmentation/internal/t/time.go:21.51,22.16 1 0
github.com/s-gurman/user-segmentation/internal/t/time.go:22.16,24.3 1 0
github.com/s-gurman/user-segmentation/internal/t/time.go:25.2,25.59 1 0
github.com/s-gurman/user-segmentation/internal/t/time.go:28.37,30.2 1 0
github.com/s-gurman/user-segmentation/pkg/postgres/postgres.go:22.70,28.16 3 0
github.com/s-gurman/user-segmentation/pkg/postgres/postgres.go:28.16,30.3 1 0
github.com/s-gurman/user-segmentation/pkg/postgres/postgres.go:31.2,31.36 1 0
github.com/s-gurman/user-segmentation/pkg/postgres/postgres.go:31.36,33.3 1 0
github.com/s-gurman/user-segmentation/pkg/postgres/postgres.go:34.2,34.30 1 0
github.com/s-gurman/user-segmentation/pkg/postgres/postgres.go:37.44,39.2 1 0
github.com/s-gurman/user-segmentation/pkg/postgres/postgres.go:41.28,43.2 1 0
github.com/s-gurman/user-segmentation/docs/docs.go:369.13,371.2 1 1
github.com/s-gurman/user-segmentation/internal/e/error.go:15.37,17.2 1 0
github.com/s-gurman/user-segmentation/internal/e/error.go:19.39,21.2 1 0
github.com/s-gurman/user-segmentation/internal/e/error.go:23.33,25.2 1 0
github.com/s-gurman/user-segmentation/internal/e/error.go:27.50,33.2 1 0
github.com/s-gurman/user-segmentation/internal/e/error.go:35.48,41.2 1 0
github.com/s-gurman/user-segmentation/internal/handler/http/experiment.go:22.86,24.2 1 0
github.com/s-gurman/user-segmentation/internal/handler/http/experiment.go:26.53,29.2 2 0
github.com/s-gurman/user-segmentation/internal/handler/http/experiment.go:54.86,57.16 3 0
github.com/s-gurman/user-segmentation/internal/handler/http/experiment.go:57.16,61.3 3 0
github.com/s-gurman/user-segmentation/internal/handler/http/experiment.go:63.2,64.60 2 0
github.com/s-gurman/user-segmentation/internal/handler/http/experiment.go:64.60,68.3 3 0
github.com/s-gurman/user-segmentation/internal/handler/http/experiment.go:70.2,71.16 2 0
github.com/s-gurman/user-segmentation/internal/handler/http/experiment.go:71.16,76.30 2 0
github.com/s-gurman/user-segmentation/internal/handler/http/experiment.go:76.30,78.4 1 0
github.com/s-gurman/user-segmentation/internal/handler/http/experiment.go:79.3,81.9 3 0
github.com/s-gurman/user-segmentation/internal/handler/http/experiment.go:84.2,89.37 3 0
github.com/s-gurman/user-segmentation/internal/handler/http/experiment.go:101.83,104.16 3 0
github.com/s-gurman/user-segmentation/internal/handler/http/experiment.go:104.16,108.3 3 0
github.com/s-gurman/user-segmentation/internal/handler/http/experiment.go:110.2,111.16 2 0
github.com/s-gurman/user-segmentation/internal/handler/http/experiment.go:111.16,116.30 2 0
github.com/s-gurman/user-segmentation/internal/handler/http/experiment.go:116.30,118.4 1 0
github.com/s-gurman/user-segmentation/internal/handler/http/experiment.go:119.3,120.9 2 0
github.com/s-gurman/user-segmentation/internal/handler/http/experiment.go:123.2,125.37 3 0
github.com/s-gurman/user-segmentation/internal/handler/http/response.go:23.97,29.16 5 1
github.com/s-gurman/user-segmentation/internal/handler/http/response.go:29.16,33.3 3 0
github.com/s-gurman/user-segmentation/internal/handler/http/response.go:35.2,36.40 2 1
github.com/s-gurman/user-segmentation/internal/handler/http/response.go:36.40,38.3 1 0
github.com/s-gurman/user-segmentation/internal/handler/http/response.go:42.96,51.16 4 0
github.com/s-gurman/user-segmentation/internal/handler/http/response.go:51.16,55.3 3 0
github.com/s-gurman/user-segmentation/internal/handler/http/response.go:57.2,58.40 2 0
github.com/s-gurman/user-segmentation/internal/handler/http/response.go:58.40,60.3 1 0
github.com/s-gurman/user-segmentation/internal/handler/http/router.go:29.70,40.2 4 0
github.com/s-gurman/user-segmentation/internal/handler/http/router.go:42.44,50.2 3 0
github.com/s-gurman/user-segmentation/internal/handler/http/router.go:56.58,60.2 3 0
github.com/s-gurman/user-segmentation/internal/handler/http/router.go:62.65,67.2 4 0
github.com/s-gurman/user-segmentation/internal/handler/http/segment.go:21.78,23.2 1 0
github.com/s-gurman/user-segmentation/internal/handler/http/segment.go:25.50,28.2 2 0
github.com/s-gurman/user-segmentation/internal/handler/http/segment.go:53.79,55.61 2 0
github.com/s-gurman/user-segmentation/internal/handler/http/segment.go:55.61,59.3 3 0
github.com/s-gurman/user-segmentation/internal/handler/http/segment.go:61.2,62.16 2 0
github.com/s-gurman/user-segmentation/internal/handler/http/segment.go:62.16,67.30 2 0
github.com/s-gurman/user-segmentation/internal/handler/http/segment.go:67.30,69.4 1 0
github.com/s-gurman/user-segmentation/internal/handler/http/segment.go:70.3,72.9 3 0
github.com/s-gurman/user-segmentation/internal/handler/http/segment.go:75.2,77.34 3 0
github.com/s-gurman/user-segmentation/internal/handler/http/segment.go:77.34,79.3 1 0
github.com/s-gurman/user-segmentation/internal/handler/http/segment.go:80.2,81.44 2 0
github.com/s-gurman/user-segmentation/internal/handler/http/segment.go:93.79,95.61 2 1
github.com/s-gurman/user-segmentation/internal/handler/http/segment.go:95.61,99.3 3 0
github.com/s-gurman/user-segmentation/internal/handler/http/segment.go:101.2,102.16 2 1
github.com/s-gurman/user-segmentation/internal/handler/http/segment.go:102.16,107.30 2 0
github.com/s-gurman/user-segmentation/internal/handler/http/segment.go:107.30,109.4 1 0
github.com/s-gurman/user-segmentation/internal/handler/http/segment.go:110.3,112.9 3 0
github.com/s-gurman/user-segmentation/internal/handler/http/segment.go:115.2,117.37 3 1
github.com/s-gurman/user-segmentation/internal/handler/http/mocks/service.go:27.83,31.2 3 1
github.com/s-gurman/user-segmentation/internal/handler/http/mocks/service.go:34.81,36.2 1 1
github.com/s-gurman/user-segmentation/internal/handler/http/mocks/service.go:39.118,46.2 6 0
github.com/s-gurman/user-segmentation/internal/handler/http/mocks/service.go:49.105,52.2 2 0
github.com/s-gurman/user-segmentation/internal/handler/http/mocks/service.go:55.90,60.2 4 1
github.com/s-gurman/user-segmentation/internal/handler/http/mocks/service.go:63.99,66.2 2 1
github.com/s-gurman/user-segmentation/internal/handler/http/mocks/service.go:69.104,75.2 5 0
github.com/s-gurman/user-segmentation/internal/handler/http/mocks/service.go:78.104,81.2 2 0
github.com/s-gurman/user-segmentation/internal/handler/http/mocks/service.go:84.132,89.2 4 0
github.com/s-gurman/user-segmentation/internal/handler/http/mocks/service.go:92.121,95.2 2 0
github.com/s-gurman/user-segmentation/internal/t/time.go:15.61,19.2 3 0
github.com/s-gurman/user-segmentation/internal/t/time.go:21.51,22.16 1 0
github.com/s-gurman/user-segmentation/internal/t/time.go:22.16,24.3 1 0
github.com/s-gurman/user-segmentation/internal/t/time.go:25.2,25.59 1 0
github.com/s-gurman/user-segmentation/internal/t/time.go:28.37,30.2 1 0
github.com/s-gurman/user-segmentation/pkg/http/middleware/middleware.go:11.69,12.71 1 0
github.com/s-gurman/user-segmentation/pkg/http/middleware/middleware.go:12.71,16.16 3 0
github.com/s-gurman/user-segmentation/pkg/http/middleware/middleware.go:16.16,17.36 1 0
github.com/s-gurman/user-segmentation/pkg/http/middleware/middleware.go:17.36,20.5 2 0
github.com/s-gurman/user-segmentation/pkg/http/middleware/middleware.go:23.3,23.23 1 0
github.com/s-gurman/user-segmentation/pkg/http/middleware/middleware.go:27.65,28.71 1 0
github.com/s-gurman/user-segmentation/pkg/http/middleware/middleware.go:28.71,40.3 4 0
github.com/s-gurman/user-segmentation/pkg/logger/logger.go:25.19,36.2 4 0
github.com/s-gurman/user-segmentation/internal/domain/segment.go:14.41,15.16 1 1
github.com/s-gurman/user-segmentation/internal/domain/segment.go:15.16,17.3 1 0
github.com/s-gurman/user-segmentation/internal/domain/segment.go:18.2,18.24 1 1
github.com/s-gurman/user-segmentation/internal/domain/segment.go:21.34,23.2 1 0
github.com/s-gurman/user-segmentation/internal/e/error.go:15.37,17.2 1 0
github.com/s-gurman/user-segmentation/internal/e/error.go:19.39,21.2 1 0
github.com/s-gurman/user-segmentation/internal/e/error.go:23.33,25.2 1 0
github.com/s-gurman/user-segmentation/internal/e/error.go:27.50,33.2 1 0
github.com/s-gurman/user-segmentation/internal/e/error.go:35.48,41.2 1 0
github.com/s-gurman/user-segmentation/internal/service/segmentation/experiment.go:17.75,21.29 2 0
github.com/s-gurman/user-segmentation/internal/service/segmentation/experiment.go:21.29,22.40 1 0
github.com/s-gurman/user-segmentation/internal/service/segmentation/experiment.go:22.40,25.4 2 0
github.com/s-gurman/user-segmentation/internal/service/segmentation/experiment.go:26.3,29.17 3 0
github.com/s-gurman/user-segmentation/internal/service/segmentation/experiment.go:29.17,32.4 2 0
github.com/s-gurman/user-segmentation/internal/service/segmentation/experiment.go:33.3,33.18 1 0
github.com/s-gurman/user-segmentation/internal/service/segmentation/experiment.go:36.2,36.12 1 0
github.com/s-gurman/user-segmentation/internal/service/segmentation/experiment.go:39.84,40.40 1 0
github.com/s-gurman/user-segmentation/internal/service/segmentation/experiment.go:40.40,43.3 2 0
github.com/s-gurman/user-segmentation/internal/service/segmentation/experiment.go:44.2,48.20 4 0
github.com/s-gurman/user-segmentation/internal/service/segmentation/experiment.go:48.20,50.3 1 0
github.com/s-gurman/user-segmentation/internal/service/segmentation/experiment.go:51.2,51.20 1 0
github.com/s-gurman/user-segmentation/internal/service/segmentation/experiment.go:51.20,53.3 1 0
github.com/s-gurman/user-segmentation/internal/service/segmentation/experiment.go:54.2,54.33 1 0
github.com/s-gurman/user-segmentation/internal/service/segmentation/experiment.go:54.33,56.3 1 0
github.com/s-gurman/user-segmentation/internal/service/segmentation/experiment.go:58.2,58.36 1 0
github.com/s-gurman/user-segmentation/internal/service/segmentation/experiment.go:66.9,68.81 1 0
github.com/s-gurman/user-segmentation/internal/service/segmentation/experiment.go:68.81,71.3 2 0
github.com/s-gurman/user-segmentation/internal/service/segmentation/experiment.go:73.2,74.16 2 0
github.com/s-gurman/user-segmentation/internal/service/segmentation/experiment.go:74.16,76.3 1 0
github.com/s-gurman/user-segmentation/internal/service/segmentation/experiment.go:77.2,77.100 1 0
github.com/s-gurman/user-segmentation/internal/service/segmentation/experiment.go:77.100,79.3 1 0
github.com/s-gurman/user-segmentation/internal/service/segmentation/experiment.go:80.2,80.12 1 0
github.com/s-gurman/user-segmentation/internal/service/segmentation/experiment.go:86.21,89.16 2 0
github.com/s-gurman/user-segmentation/internal/service/segmentation/experiment.go:89.16,91.3 1 0
github.com/s-gurman/user-segmentation/internal/service/segmentation/experiment.go:93.2,93.19 1 0
github.com/s-gurman/user-segmentation/internal/service/segmentation/segment.go:15.23,18.16 2 0
github.com/s-gurman/user-segmentation/internal/service/segmentation/segment.go:18.16,20.3 1 0
github.com/s-gurman/user-segmentation/internal/service/segmentation/segment.go:21.2,21.48 1 0
github.com/s-gurman/user-segmentation/internal/service/segmentation/segment.go:21.48,24.3 2 0
github.com/s-gurman/user-segmentation/internal/service/segmentation/segment.go:26.2,27.16 2 0
github.com/s-gurman/user-segmentation/internal/service/segmentation/segment.go:27.16,29.3 1 0
github.com/s-gurman/user-segmentation/internal/service/segmentation/segment.go:31.2,31.30 1 0
github.com/s-gurman/user-segmentation/internal/service/segmentation/segment.go:34.82,36.16 2 1
github.com/s-gurman/user-segmentation/internal/service/segmentation/segment.go:36.16,38.3 1 0
github.com/s-gurman/user-segmentation/internal/service/segmentation/segment.go:40.2,40.61 1 1
github.com/s-gurman/user-segmentation/internal/service/segmentation/segment.go:40.61,42.3 1 0
github.com/s-gurman/user-segmentation/internal/service/segmentation/segment.go:44.2,44.12 1 1
github.com/s-gurman/user-segmentation/internal/service/segmentation/service.go:28.80,33.2 1 0
github.com/s-gurman/user-segmentation/internal/service/segmentation/mocks/storage.go:28.79,32.2 3 0
github.com/s-gurman/user-segmentation/internal/service/segmentation/mocks/storage.go:35.77,37.2 1 0
github.com/s-gurman/user-segmentation/internal/service/segmentation/mocks/storage.go:40.101,46.2 5 0
github.com/s-gurman/user-segmentation/internal/service/segmentation/mocks/storage.go:49.101,52.2 2 0
github.com/s-gurman/user-segmentation/internal/service/segmentation/mocks/storage.go:55.143,60.2 4 0
github.com/s-gurman/user-segmentation/internal/service/segmentation/mocks/storage.go:63.127,66.2 2 0
github.com/s-gurman/user-segmentation/internal/service/segmentation/mocks/storage.go:80.73,84.2 3 1
github.com/s-gurman/user-segmentation/internal/service/segmentation/mocks/storage.go:87.71,89.2 1 1
github.com/s-gurman/user-segmentation/internal/service/segmentation/mocks/storage.go:92.128,99.2 6 0
github.com/s-gurman/user-segmentation/internal/service/segmentation/mocks/storage.go:102.110,105.2 2 0
github.com/s-gurman/user-segmentation/internal/service/segmentation/mocks/storage.go:108.90,113.2 4 1
github.com/s-gurman/user-segmentation/internal/service/segmentation/mocks/storage.go:116.94,119.2 2 1
github.com/s-gurman/user-segmentation/internal/t/time.go:15.61,19.2 3 0
github.com/s-gurman/user-segmentation/internal/t/time.go:21.51,22.16 1 0
github.com/s-gurman/user-segmentation/internal/t/time.go:22.16,24.3 1 0
github.com/s-gurman/user-segmentation/internal/t/time.go:25.2,25.59 1 0
github.com/s-gurman/user-segmentation/internal/t/time.go:28.37,30.2 1 0
